<?xml version="1.0" encoding="UTF-8"?>
<!-- Generated by org.testng.reporters.JUnitXMLReporter -->
<testsuite ignored="4" hostname="DESKTOP-KPDGCCF" failures="0" tests="2" name="Test" time="0.196" errors="0" timestamp="2023-01-30T15:25:50 IST">
  <testcase classname="basic.TestNg3" name="sample2" time="0.04"/>
  <testcase classname="basic.TestNg2" name="sample3" time="0.003"/>
  <testcase classname="basic.TestNg4" name="sample" time="0.0">
    <ignored/>
  </testcase> <!-- sample -->
  <testcase classname="basic.TestNg3" name="testcase2" time="0.0">
    <ignored/>
  </testcase> <!-- testcase2 -->
  <testcase classname="basic.TestNg2" name="testcase1" time="0.0">
    <ignored/>
  </testcase> <!-- testcase1 -->
  <testcase classname="basic.TestNg4" name="testcase3" time="0.0">
    <ignored/>
  </testcase> <!-- testcase3 -->
</testsuite> <!-- Test -->
